2025/05/22 21:44:43 [emerg] 1#1: getpwnam("myapp") failed in /etc/nginx/nginx.conf:3
2025/05/22 21:45:17 [emerg] 1#1: getpwnam("myapp") failed in /etc/nginx/nginx.conf:3
2025/05/22 21:45:44 [emerg] 1#1: open() "/var/log/myapp/json_access.log" failed (2: No such file or directory)
2025/05/22 21:46:18 [error] 22#22: *1 "/etc/nginx/html/index.html" is not found (2: No such file or directory), client: 157.245.85.134, server: , request: "GET / HTTP/1.1", host: "18.212.197.165"
2025/05/22 21:46:18 [error] 22#22: *2 open() "/etc/nginx/html/favicon.ico" failed (2: No such file or directory), client: 157.245.85.134, server: , request: "GET /favicon.ico HTTP/1.1", host: "18.212.197.165", referrer: "http://18.212.197.165/"
2025/05/22 21:46:23 [error] 22#22: *3 "/etc/nginx/html/index.html" is not found (2: No such file or directory), client: 157.245.85.134, server: , request: "GET / HTTP/1.1", host: "18.212.197.165"
2025/05/22 21:48:13 [emerg] 1#1: getpwnam("www") failed in /etc/nginx/nginx.conf:3
2025/05/22 21:53:51 [notice] 1#1: using the "epoll" event method
2025/05/22 21:53:51 [notice] 1#1: nginx/1.27.5
2025/05/22 21:53:51 [notice] 1#1: built by gcc 14.2.0 (Alpine 14.2.0) 
2025/05/22 21:53:51 [notice] 1#1: OS: Linux 6.8.0-1029-aws
2025/05/22 21:53:51 [notice] 1#1: getrlimit(RLIMIT_NOFILE): 1048576:1048576
2025/05/22 21:53:51 [notice] 1#1: start worker processes
2025/05/22 21:53:51 [notice] 1#1: start worker process 30
2025/05/22 21:54:01 [notice] 1#1: signal 3 (SIGQUIT) received, shutting down
2025/05/22 21:54:01 [notice] 30#30: gracefully shutting down
2025/05/22 21:54:01 [notice] 30#30: exiting
2025/05/22 21:54:01 [notice] 30#30: exit
2025/05/22 21:54:01 [notice] 1#1: signal 17 (SIGCHLD) received from 30
2025/05/22 21:54:01 [notice] 1#1: worker process 30 exited with code 0
2025/05/22 21:54:01 [notice] 1#1: exit
2025/05/22 22:00:05 [notice] 1#1: using the "epoll" event method
2025/05/22 22:00:05 [notice] 1#1: nginx/1.27.5
2025/05/22 22:00:05 [notice] 1#1: built by gcc 14.2.0 (Alpine 14.2.0) 
2025/05/22 22:00:05 [notice] 1#1: OS: Linux 6.8.0-1029-aws
2025/05/22 22:00:05 [notice] 1#1: getrlimit(RLIMIT_NOFILE): 1048576:1048576
2025/05/22 22:00:05 [notice] 1#1: start worker processes
2025/05/22 22:00:05 [notice] 1#1: start worker process 30
2025/05/22 22:00:13 [error] 30#30: *2 open() "/usr/share/nginx/html/favicon.ico" failed (2: No such file or directory), client: 157.245.85.134, server: localhost, request: "GET /favicon.ico HTTP/1.1", host: "18.212.197.165:8080", referrer: "http://18.212.197.165:8080/"
2025/05/22 22:13:41 [notice] 1#1: signal 3 (SIGQUIT) received, shutting down
2025/05/22 22:13:41 [notice] 30#30: gracefully shutting down
2025/05/22 22:13:41 [notice] 30#30: exiting
2025/05/22 22:13:41 [notice] 30#30: exit
2025/05/22 22:13:41 [notice] 1#1: signal 17 (SIGCHLD) received from 30
2025/05/22 22:13:41 [notice] 1#1: worker process 30 exited with code 0
2025/05/22 22:13:41 [notice] 1#1: exit
2025/05/22 22:14:22 [notice] 1#1: using the "epoll" event method
2025/05/22 22:14:22 [notice] 1#1: nginx/1.27.5
2025/05/22 22:14:22 [notice] 1#1: built by gcc 14.2.0 (Alpine 14.2.0) 
2025/05/22 22:14:22 [notice] 1#1: OS: Linux 6.8.0-1029-aws
2025/05/22 22:14:22 [notice] 1#1: getrlimit(RLIMIT_NOFILE): 1048576:1048576
2025/05/22 22:14:22 [notice] 1#1: start worker processes
2025/05/22 22:14:22 [notice] 1#1: start worker process 30
2025/05/22 22:17:25 [notice] 1#1: signal 3 (SIGQUIT) received, shutting down
2025/05/22 22:17:25 [notice] 30#30: gracefully shutting down
2025/05/22 22:17:25 [notice] 30#30: exiting
2025/05/22 22:17:25 [notice] 30#30: exit
2025/05/22 22:17:25 [notice] 1#1: signal 17 (SIGCHLD) received from 30
2025/05/22 22:17:25 [notice] 1#1: worker process 30 exited with code 0
2025/05/22 22:17:25 [notice] 1#1: exit
2025/05/22 22:17:32 [notice] 1#1: using the "epoll" event method
2025/05/22 22:17:32 [notice] 1#1: nginx/1.27.5
2025/05/22 22:17:32 [notice] 1#1: built by gcc 14.2.0 (Alpine 14.2.0) 
2025/05/22 22:17:32 [notice] 1#1: OS: Linux 6.8.0-1029-aws
2025/05/22 22:17:32 [notice] 1#1: getrlimit(RLIMIT_NOFILE): 1048576:1048576
2025/05/22 22:17:32 [notice] 1#1: start worker processes
2025/05/22 22:17:32 [notice] 1#1: start worker process 30
2025/05/22 22:19:22 [notice] 1#1: signal 3 (SIGQUIT) received, shutting down
2025/05/22 22:19:22 [notice] 30#30: gracefully shutting down
2025/05/22 22:19:22 [notice] 30#30: exiting
2025/05/22 22:19:22 [notice] 30#30: exit
2025/05/22 22:19:22 [notice] 1#1: signal 17 (SIGCHLD) received from 30
2025/05/22 22:19:22 [notice] 1#1: worker process 30 exited with code 0
2025/05/22 22:19:22 [notice] 1#1: exit
2025/05/22 22:19:29 [notice] 1#1: using the "epoll" event method
2025/05/22 22:19:29 [notice] 1#1: nginx/1.27.5
2025/05/22 22:19:29 [notice] 1#1: built by gcc 14.2.0 (Alpine 14.2.0) 
2025/05/22 22:19:29 [notice] 1#1: OS: Linux 6.8.0-1029-aws
2025/05/22 22:19:29 [notice] 1#1: getrlimit(RLIMIT_NOFILE): 1048576:1048576
2025/05/22 22:19:29 [notice] 1#1: start worker processes
2025/05/22 22:19:29 [notice] 1#1: start worker process 31
2025/05/22 22:20:45 [notice] 1#1: signal 3 (SIGQUIT) received, shutting down
2025/05/22 22:20:45 [notice] 31#31: gracefully shutting down
2025/05/22 22:20:45 [notice] 31#31: exiting
2025/05/22 22:20:45 [notice] 31#31: exit
2025/05/22 22:20:45 [notice] 1#1: signal 17 (SIGCHLD) received from 31
2025/05/22 22:20:45 [notice] 1#1: worker process 31 exited with code 0
2025/05/22 22:20:45 [notice] 1#1: exit
2025/05/22 22:20:50 [notice] 1#1: using the "epoll" event method
2025/05/22 22:20:50 [notice] 1#1: nginx/1.27.5
2025/05/22 22:20:50 [notice] 1#1: built by gcc 14.2.0 (Alpine 14.2.0) 
2025/05/22 22:20:50 [notice] 1#1: OS: Linux 6.8.0-1029-aws
2025/05/22 22:20:50 [notice] 1#1: getrlimit(RLIMIT_NOFILE): 1048576:1048576
2025/05/22 22:20:50 [notice] 1#1: start worker processes
2025/05/22 22:20:50 [notice] 1#1: start worker process 30
2025/05/22 22:21:25 [notice] 1#1: signal 3 (SIGQUIT) received, shutting down
2025/05/22 22:21:25 [notice] 30#30: gracefully shutting down
2025/05/22 22:21:25 [notice] 30#30: exiting
2025/05/22 22:21:25 [notice] 30#30: exit
2025/05/22 22:21:25 [notice] 1#1: signal 17 (SIGCHLD) received from 30
2025/05/22 22:21:25 [notice] 1#1: worker process 30 exited with code 0
2025/05/22 22:21:25 [notice] 1#1: exit
2025/05/22 22:21:37 [notice] 1#1: using the "epoll" event method
2025/05/22 22:21:37 [notice] 1#1: nginx/1.27.5
2025/05/22 22:21:37 [notice] 1#1: built by gcc 14.2.0 (Alpine 14.2.0) 
2025/05/22 22:21:37 [notice] 1#1: OS: Linux 6.8.0-1029-aws
2025/05/22 22:21:37 [notice] 1#1: getrlimit(RLIMIT_NOFILE): 1048576:1048576
2025/05/22 22:21:37 [notice] 1#1: start worker processes
2025/05/22 22:21:37 [notice] 1#1: start worker process 30
2025/05/22 22:22:52 [notice] 1#1: signal 3 (SIGQUIT) received, shutting down
2025/05/22 22:22:52 [notice] 30#30: gracefully shutting down
2025/05/22 22:22:52 [notice] 30#30: exiting
2025/05/22 22:22:52 [notice] 30#30: exit
2025/05/22 22:22:52 [notice] 1#1: signal 17 (SIGCHLD) received from 30
2025/05/22 22:22:52 [notice] 1#1: worker process 30 exited with code 0
2025/05/22 22:22:52 [notice] 1#1: exit
2025/05/22 22:22:57 [notice] 1#1: using the "epoll" event method
2025/05/22 22:22:57 [notice] 1#1: nginx/1.27.5
2025/05/22 22:22:57 [notice] 1#1: built by gcc 14.2.0 (Alpine 14.2.0) 
2025/05/22 22:22:57 [notice] 1#1: OS: Linux 6.8.0-1029-aws
2025/05/22 22:22:57 [notice] 1#1: getrlimit(RLIMIT_NOFILE): 1048576:1048576
2025/05/22 22:22:57 [notice] 1#1: start worker processes
2025/05/22 22:22:57 [notice] 1#1: start worker process 30
2025/05/22 22:31:51 [notice] 1#1: signal 3 (SIGQUIT) received, shutting down
2025/05/22 22:31:51 [notice] 30#30: gracefully shutting down
2025/05/22 22:31:51 [notice] 30#30: exiting
2025/05/22 22:31:51 [notice] 30#30: exit
2025/05/22 22:31:51 [notice] 1#1: signal 17 (SIGCHLD) received from 30
2025/05/22 22:31:51 [notice] 1#1: worker process 30 exited with code 0
2025/05/22 22:31:51 [notice] 1#1: exit
2025/05/23 06:49:00 [notice] 1#1: using the "epoll" event method
2025/05/23 06:49:00 [notice] 1#1: nginx/1.27.5
2025/05/23 06:49:00 [notice] 1#1: built by gcc 14.2.0 (Alpine 14.2.0) 
2025/05/23 06:49:00 [notice] 1#1: OS: Linux 6.8.0-1029-aws
2025/05/23 06:49:00 [notice] 1#1: getrlimit(RLIMIT_NOFILE): 1048576:1048576
2025/05/23 06:49:00 [notice] 1#1: start worker processes
2025/05/23 06:49:00 [notice] 1#1: start worker process 30
2025/05/23 06:50:00 [notice] 1#1: signal 3 (SIGQUIT) received, shutting down
2025/05/23 06:50:00 [notice] 30#30: gracefully shutting down
2025/05/23 06:50:00 [notice] 30#30: exiting
2025/05/23 06:50:00 [notice] 30#30: exit
2025/05/23 06:50:00 [notice] 1#1: signal 17 (SIGCHLD) received from 30
2025/05/23 06:50:00 [notice] 1#1: worker process 30 exited with code 0
2025/05/23 06:50:00 [notice] 1#1: exit
2025/05/23 06:50:05 [notice] 1#1: using the "epoll" event method
2025/05/23 06:50:05 [notice] 1#1: nginx/1.27.5
2025/05/23 06:50:05 [notice] 1#1: built by gcc 14.2.0 (Alpine 14.2.0) 
2025/05/23 06:50:05 [notice] 1#1: OS: Linux 6.8.0-1029-aws
2025/05/23 06:50:05 [notice] 1#1: getrlimit(RLIMIT_NOFILE): 1048576:1048576
2025/05/23 06:50:05 [notice] 1#1: start worker processes
2025/05/23 06:50:05 [notice] 1#1: start worker process 30
2025/05/23 06:50:58 [notice] 1#1: signal 3 (SIGQUIT) received, shutting down
2025/05/23 06:50:58 [notice] 30#30: gracefully shutting down
2025/05/23 06:50:58 [notice] 30#30: exiting
2025/05/23 06:50:58 [notice] 30#30: exit
2025/05/23 06:50:58 [notice] 1#1: signal 17 (SIGCHLD) received from 30
2025/05/23 06:50:58 [notice] 1#1: worker process 30 exited with code 0
2025/05/23 06:50:58 [notice] 1#1: exit
2025/05/23 06:51:04 [notice] 1#1: using the "epoll" event method
2025/05/23 06:51:04 [notice] 1#1: nginx/1.27.5
2025/05/23 06:51:04 [notice] 1#1: built by gcc 14.2.0 (Alpine 14.2.0) 
2025/05/23 06:51:04 [notice] 1#1: OS: Linux 6.8.0-1029-aws
2025/05/23 06:51:04 [notice] 1#1: getrlimit(RLIMIT_NOFILE): 1048576:1048576
2025/05/23 06:51:04 [notice] 1#1: start worker processes
2025/05/23 06:51:04 [notice] 1#1: start worker process 30
2025/05/23 06:52:27 [notice] 1#1: signal 3 (SIGQUIT) received, shutting down
2025/05/23 06:52:27 [notice] 30#30: gracefully shutting down
2025/05/23 06:52:27 [notice] 30#30: exiting
2025/05/23 06:52:27 [notice] 30#30: exit
2025/05/23 06:52:27 [notice] 1#1: signal 17 (SIGCHLD) received from 30
2025/05/23 06:52:27 [notice] 1#1: worker process 30 exited with code 0
2025/05/23 06:52:27 [notice] 1#1: exit
2025/05/23 06:52:32 [notice] 1#1: using the "epoll" event method
2025/05/23 06:52:32 [notice] 1#1: nginx/1.27.5
2025/05/23 06:52:32 [notice] 1#1: built by gcc 14.2.0 (Alpine 14.2.0) 
2025/05/23 06:52:32 [notice] 1#1: OS: Linux 6.8.0-1029-aws
2025/05/23 06:52:32 [notice] 1#1: getrlimit(RLIMIT_NOFILE): 1048576:1048576
2025/05/23 06:52:32 [notice] 1#1: start worker processes
2025/05/23 06:52:32 [notice] 1#1: start worker process 30
2025/05/23 06:53:16 [error] 30#30: *2 open() "/usr/share/nginx/html/favicon.ico" failed (2: No such file or directory), client: 23.248.167.5, server: localhost, request: "GET /favicon.ico HTTP/1.1", host: "3.84.43.93:8080", referrer: "http://3.84.43.93:8080/"
2025/05/23 07:00:24 [notice] 1#1: signal 3 (SIGQUIT) received, shutting down
2025/05/23 07:00:24 [notice] 30#30: gracefully shutting down
2025/05/23 07:00:24 [notice] 30#30: exiting
2025/05/23 07:00:24 [notice] 30#30: exit
2025/05/23 07:00:24 [notice] 1#1: signal 17 (SIGCHLD) received from 30
2025/05/23 07:00:24 [notice] 1#1: worker process 30 exited with code 0
2025/05/23 07:00:24 [notice] 1#1: exit
2025/05/23 07:00:58 [notice] 1#1: using the "epoll" event method
2025/05/23 07:00:58 [notice] 1#1: nginx/1.27.5
2025/05/23 07:00:58 [notice] 1#1: built by gcc 14.2.0 (Alpine 14.2.0) 
2025/05/23 07:00:58 [notice] 1#1: OS: Linux 6.8.0-1029-aws
2025/05/23 07:00:58 [notice] 1#1: getrlimit(RLIMIT_NOFILE): 1048576:1048576
2025/05/23 07:00:58 [notice] 1#1: start worker processes
2025/05/23 07:00:58 [notice] 1#1: start worker process 29
2025/05/23 07:03:11 [error] 29#29: *3 open() "/usr/share/nginx/html/1" failed (2: No such file or directory), client: 23.248.167.5, server: localhost, request: "GET /1 HTTP/1.1", host: "3.84.43.93:8080"
2025/05/23 07:03:59 [notice] 1#1: signal 3 (SIGQUIT) received, shutting down
2025/05/23 07:03:59 [notice] 29#29: gracefully shutting down
2025/05/23 07:03:59 [notice] 29#29: exiting
2025/05/23 07:03:59 [notice] 29#29: exit
2025/05/23 07:03:59 [notice] 1#1: signal 17 (SIGCHLD) received from 29
2025/05/23 07:03:59 [notice] 1#1: worker process 29 exited with code 0
2025/05/23 07:03:59 [notice] 1#1: exit
2025/05/23 07:04:05 [notice] 1#1: using the "epoll" event method
2025/05/23 07:04:05 [notice] 1#1: nginx/1.27.5
2025/05/23 07:04:05 [notice] 1#1: built by gcc 14.2.0 (Alpine 14.2.0) 
2025/05/23 07:04:05 [notice] 1#1: OS: Linux 6.8.0-1029-aws
2025/05/23 07:04:05 [notice] 1#1: getrlimit(RLIMIT_NOFILE): 1048576:1048576
2025/05/23 07:04:05 [notice] 1#1: start worker processes
2025/05/23 07:04:05 [notice] 1#1: start worker process 30
2025/05/23 07:05:02 [error] 30#30: *1 open() "/usr/share/nginx/html/1" failed (2: No such file or directory), client: 23.248.167.5, server: localhost, request: "GET /1 HTTP/1.1", host: "3.84.43.93:8080"
2025/05/23 07:06:03 [notice] 1#1: signal 3 (SIGQUIT) received, shutting down
2025/05/23 07:06:03 [notice] 30#30: gracefully shutting down
2025/05/23 07:06:03 [notice] 30#30: exiting
2025/05/23 07:06:03 [notice] 30#30: exit
2025/05/23 07:06:04 [notice] 1#1: signal 17 (SIGCHLD) received from 30
2025/05/23 07:06:04 [notice] 1#1: worker process 30 exited with code 0
2025/05/23 07:06:04 [notice] 1#1: exit
2025/05/23 07:07:38 [notice] 1#1: using the "epoll" event method
2025/05/23 07:07:38 [notice] 1#1: nginx/1.27.5
2025/05/23 07:07:38 [notice] 1#1: built by gcc 14.2.0 (Alpine 14.2.0) 
2025/05/23 07:07:38 [notice] 1#1: OS: Linux 6.8.0-1029-aws
2025/05/23 07:07:38 [notice] 1#1: getrlimit(RLIMIT_NOFILE): 1048576:1048576
2025/05/23 07:07:38 [notice] 1#1: start worker processes
2025/05/23 07:07:38 [notice] 1#1: start worker process 30
2025/05/23 07:08:29 [error] 30#30: *1 open() "/usr/share/nginx/html/1" failed (2: No such file or directory), client: 23.248.167.5, server: localhost, request: "GET /1 HTTP/1.1", host: "3.84.43.93:8080"
2025/05/23 07:19:01 [notice] 1#1: signal 3 (SIGQUIT) received, shutting down
2025/05/23 07:19:01 [notice] 30#30: gracefully shutting down
2025/05/23 07:19:01 [notice] 30#30: exiting
2025/05/23 07:19:01 [notice] 30#30: exit
2025/05/23 07:19:01 [notice] 1#1: signal 17 (SIGCHLD) received from 30
2025/05/23 07:19:01 [notice] 1#1: worker process 30 exited with code 0
2025/05/23 07:19:01 [notice] 1#1: exit
2025/05/23 07:19:12 [notice] 1#1: using the "epoll" event method
2025/05/23 07:19:12 [notice] 1#1: nginx/1.27.5
2025/05/23 07:19:12 [notice] 1#1: built by gcc 14.2.0 (Alpine 14.2.0) 
2025/05/23 07:19:12 [notice] 1#1: OS: Linux 6.8.0-1029-aws
2025/05/23 07:19:12 [notice] 1#1: getrlimit(RLIMIT_NOFILE): 1048576:1048576
2025/05/23 07:19:12 [notice] 1#1: start worker processes
2025/05/23 07:19:12 [notice] 1#1: start worker process 30
2025/05/23 07:20:11 [notice] 1#1: signal 3 (SIGQUIT) received, shutting down
2025/05/23 07:20:11 [notice] 30#30: gracefully shutting down
2025/05/23 07:20:11 [notice] 30#30: exiting
2025/05/23 07:20:11 [notice] 30#30: exit
2025/05/23 07:20:11 [notice] 1#1: signal 17 (SIGCHLD) received from 30
2025/05/23 07:20:11 [notice] 1#1: worker process 30 exited with code 0
2025/05/23 07:20:11 [notice] 1#1: exit
2025/05/23 07:22:48 [notice] 1#1: using the "epoll" event method
2025/05/23 07:22:48 [notice] 1#1: nginx/1.27.5
2025/05/23 07:22:48 [notice] 1#1: built by gcc 14.2.0 (Alpine 14.2.0) 
2025/05/23 07:22:48 [notice] 1#1: OS: Linux 6.8.0-1029-aws
2025/05/23 07:22:48 [notice] 1#1: getrlimit(RLIMIT_NOFILE): 1048576:1048576
2025/05/23 07:22:48 [notice] 1#1: start worker processes
2025/05/23 07:22:48 [notice] 1#1: start worker process 29
2025/05/23 07:23:18 [notice] 1#1: signal 3 (SIGQUIT) received, shutting down
2025/05/23 07:23:18 [notice] 29#29: gracefully shutting down
2025/05/23 07:23:18 [notice] 29#29: exiting
2025/05/23 07:23:18 [notice] 29#29: exit
2025/05/23 07:23:18 [notice] 1#1: signal 17 (SIGCHLD) received from 29
2025/05/23 07:23:18 [notice] 1#1: worker process 29 exited with code 0
2025/05/23 07:23:18 [notice] 1#1: exit
2025/05/23 07:24:39 [notice] 1#1: using the "epoll" event method
2025/05/23 07:24:39 [notice] 1#1: nginx/1.27.5
2025/05/23 07:24:39 [notice] 1#1: built by gcc 14.2.0 (Alpine 14.2.0) 
2025/05/23 07:24:39 [notice] 1#1: OS: Linux 6.8.0-1029-aws
2025/05/23 07:24:39 [notice] 1#1: getrlimit(RLIMIT_NOFILE): 1048576:1048576
2025/05/23 07:24:39 [notice] 1#1: start worker processes
2025/05/23 07:24:39 [notice] 1#1: start worker process 30
2025/05/23 07:27:47 [notice] 1#1: signal 3 (SIGQUIT) received, shutting down
2025/05/23 07:27:47 [notice] 30#30: gracefully shutting down
2025/05/23 07:27:47 [notice] 30#30: exiting
2025/05/23 07:27:47 [notice] 30#30: exit
2025/05/23 07:27:47 [notice] 1#1: signal 17 (SIGCHLD) received from 30
2025/05/23 07:27:47 [notice] 1#1: worker process 30 exited with code 0
2025/05/23 07:27:47 [notice] 1#1: exit
2025/05/23 07:27:53 [notice] 1#1: using the "epoll" event method
2025/05/23 07:27:53 [notice] 1#1: nginx/1.27.5
2025/05/23 07:27:53 [notice] 1#1: built by gcc 14.2.0 (Alpine 14.2.0) 
2025/05/23 07:27:53 [notice] 1#1: OS: Linux 6.8.0-1029-aws
2025/05/23 07:27:53 [notice] 1#1: getrlimit(RLIMIT_NOFILE): 1048576:1048576
2025/05/23 07:27:53 [notice] 1#1: start worker processes
2025/05/23 07:27:53 [notice] 1#1: start worker process 30
2025/05/23 07:29:00 [error] 30#30: *3 open() "/usr/share/nginx/html/1" failed (2: No such file or directory), client: 23.248.167.5, server: localhost, request: "GET /1 HTTP/1.1", host: "3.84.43.93:8080"
